<?xml version="1.0" encoding="UTF-8"?>
<!-- Generated by org.testng.reporters.JUnitXMLReporter -->
<testsuite ignored="0" hostname="ATMECSINLT-601" failures="6" tests="10" name="FirefoxTest" time="137.865" errors="0" timestamp="2020-12-11T15:11:59 IST">
  <testcase classname="com.atmecs.redbus.page.BasePage" name="@AfterMethod afterTest" time="0.018">
    <failure type="org.openqa.selenium.NoSuchWindowException" message="Browsing context has been discarded
Build info: version: &amp;apos;3.141.59&amp;apos;, revision: &amp;apos;e82be7d358&amp;apos;, time: &amp;apos;2018-11-14T08:17:03&amp;apos;
System info: host: &amp;apos;ATMECSINLT-601&amp;apos;, ip: &amp;apos;192.168.163.1&amp;apos;, os.name: &amp;apos;Windows 10&amp;apos;, os.arch: &amp;apos;amd64&amp;apos;, os.version: &amp;apos;10.0&amp;apos;, java.version: &amp;apos;14.0.1&amp;apos;
Driver info: org.openqa.selenium.firefox.FirefoxDriver
Capabilities {acceptInsecureCerts: true, browserName: firefox, browserVersion: 83.0, javascriptEnabled: true, moz:accessibilityChecks: false, moz:buildID: 20201112153044, moz:geckodriverVersion: 0.28.0, moz:headless: false, moz:processID: 11644, moz:profile: C:\Users\alfin.anthonyraj\A..., moz:shutdownTimeout: 60000, moz:useNonSpecCompliantPointerOrigin: false, moz:webdriverClick: true, pageLoadStrategy: normal, platform: WINDOWS, platformName: WINDOWS, platformVersion: 10.0, rotatable: false, setWindowRect: true, strictFileInteractability: false, timeouts: {implicit: 0, pageLoad: 300000, script: 30000}, unhandledPromptBehavior: dismiss and notify}
Session ID: 7788fcb2-062d-4ed2-b3d8-2638d53eaf25">
      <![CDATA[org.openqa.selenium.NoSuchWindowException: Browsing context has been discarded
Build info: version: '3.141.59', revision: 'e82be7d358', time: '2018-11-14T08:17:03'
System info: host: 'ATMECSINLT-601', ip: '192.168.163.1', os.name: 'Windows 10', os.arch: 'amd64', os.version: '10.0', java.version: '14.0.1'
Driver info: org.openqa.selenium.firefox.FirefoxDriver
Capabilities {acceptInsecureCerts: true, browserName: firefox, browserVersion: 83.0, javascriptEnabled: true, moz:accessibilityChecks: false, moz:buildID: 20201112153044, moz:geckodriverVersion: 0.28.0, moz:headless: false, moz:processID: 11644, moz:profile: C:\Users\alfin.anthonyraj\A..., moz:shutdownTimeout: 60000, moz:useNonSpecCompliantPointerOrigin: false, moz:webdriverClick: true, pageLoadStrategy: normal, platform: WINDOWS, platformName: WINDOWS, platformVersion: 10.0, rotatable: false, setWindowRect: true, strictFileInteractability: false, timeouts: {implicit: 0, pageLoad: 300000, script: 30000}, unhandledPromptBehavior: dismiss and notify}
Session ID: 7788fcb2-062d-4ed2-b3d8-2638d53eaf25
at org.openqa.selenium.remote.http.W3CHttpResponseCodec.createException(W3CHttpResponseCodec.java:187)
at org.openqa.selenium.remote.http.W3CHttpResponseCodec.decode(W3CHttpResponseCodec.java:122)
at org.openqa.selenium.remote.http.W3CHttpResponseCodec.decode(W3CHttpResponseCodec.java:49)
at org.openqa.selenium.remote.HttpCommandExecutor.execute(HttpCommandExecutor.java:158)
at org.openqa.selenium.remote.service.DriverCommandExecutor.execute(DriverCommandExecutor.java:83)
at org.openqa.selenium.remote.RemoteWebDriver.execute(RemoteWebDriver.java:552)
at org.openqa.selenium.remote.RemoteWebDriver.execute(RemoteWebDriver.java:609)
at org.openqa.selenium.remote.RemoteWebDriver.close(RemoteWebDriver.java:442)
at com.atmecs.redbus.page.BasePage.afterTest(BasePage.java:59)
at java.base/java.util.ArrayList.forEach(ArrayList.java:1510)
... Removed 41 stack frames]]>
    </failure>
  </testcase> <!-- @AfterMethod afterTest -->
  <testcase classname="com.atmecs.redbus.page.BasePage" name="@BeforeMethod beforeTest" time="-1.607679626864E9">
    <skipped/>
  </testcase> <!-- @BeforeMethod beforeTest -->
  <testcase classname="com.atmecs.redbus.page.BasePage" name="@AfterMethod afterTest" time="-1.607679626865E9">
    <skipped/>
  </testcase> <!-- @AfterMethod afterTest -->
  <testcase classname="com.atmecs.redbus.page.BasePage" name="@BeforeMethod beforeTest" time="-1.607679626865E9">
    <skipped/>
  </testcase> <!-- @BeforeMethod beforeTest -->
  <testcase classname="com.atmecs.redbus.page.BasePage" name="@AfterMethod afterTest" time="-1.607679626865E9">
    <skipped/>
  </testcase> <!-- @AfterMethod afterTest -->
  <testcase classname="com.atmecs.redbus.page.BasePage" name="@BeforeMethod beforeTest" time="-1.607679626865E9">
    <skipped/>
  </testcase> <!-- @BeforeMethod beforeTest -->
  <testcase classname="com.atmecs.redbus.page.BasePage" name="@AfterMethod afterTest" time="-1.607679626866E9">
    <skipped/>
  </testcase> <!-- @AfterMethod afterTest -->
  <testcase classname="com.atmecs.redbus.page.BasePage" name="@BeforeMethod beforeTest" time="-1.607679626866E9">
    <skipped/>
  </testcase> <!-- @BeforeMethod beforeTest -->
  <testcase classname="com.atmecs.redbus.page.BasePage" name="@AfterMethod afterTest" time="-1.607679626866E9">
    <skipped/>
  </testcase> <!-- @AfterMethod afterTest -->
  <testcase classname="com.atmecs.redbus.testscript.LoginTest" name="login" time="22.25">
    <failure type="org.openqa.selenium.WebDriverException" message="Failed to convert data to an object
Build info: version: &amp;apos;3.141.59&amp;apos;, revision: &amp;apos;e82be7d358&amp;apos;, time: &amp;apos;2018-11-14T08:17:03&amp;apos;
System info: host: &amp;apos;ATMECSINLT-601&amp;apos;, ip: &amp;apos;192.168.163.1&amp;apos;, os.name: &amp;apos;Windows 10&amp;apos;, os.arch: &amp;apos;amd64&amp;apos;, os.version: &amp;apos;10.0&amp;apos;, java.version: &amp;apos;14.0.1&amp;apos;
Driver info: org.openqa.selenium.firefox.FirefoxDriver
Capabilities {acceptInsecureCerts: true, browserName: firefox, browserVersion: 83.0, javascriptEnabled: true, moz:accessibilityChecks: false, moz:buildID: 20201112153044, moz:geckodriverVersion: 0.28.0, moz:headless: false, moz:processID: 11644, moz:profile: C:\Users\alfin.anthonyraj\A..., moz:shutdownTimeout: 60000, moz:useNonSpecCompliantPointerOrigin: false, moz:webdriverClick: true, pageLoadStrategy: normal, platform: WINDOWS, platformName: WINDOWS, platformVersion: 10.0, rotatable: false, setWindowRect: true, strictFileInteractability: false, timeouts: {implicit: 0, pageLoad: 300000, script: 30000}, unhandledPromptBehavior: dismiss and notify}
Session ID: 7788fcb2-062d-4ed2-b3d8-2638d53eaf25
*** Element info: {Using=xpath, value=//div[@class=&amp;apos;makeFlex socialBtnContainer vrtlCenter&amp;apos;]//div[@data-cy=&amp;apos;googleLogin&amp;apos;]}">
      <![CDATA[org.openqa.selenium.WebDriverException: Failed to convert data to an object
Build info: version: '3.141.59', revision: 'e82be7d358', time: '2018-11-14T08:17:03'
System info: host: 'ATMECSINLT-601', ip: '192.168.163.1', os.name: 'Windows 10', os.arch: 'amd64', os.version: '10.0', java.version: '14.0.1'
Driver info: org.openqa.selenium.firefox.FirefoxDriver
Capabilities {acceptInsecureCerts: true, browserName: firefox, browserVersion: 83.0, javascriptEnabled: true, moz:accessibilityChecks: false, moz:buildID: 20201112153044, moz:geckodriverVersion: 0.28.0, moz:headless: false, moz:processID: 11644, moz:profile: C:\Users\alfin.anthonyraj\A..., moz:shutdownTimeout: 60000, moz:useNonSpecCompliantPointerOrigin: false, moz:webdriverClick: true, pageLoadStrategy: normal, platform: WINDOWS, platformName: WINDOWS, platformVersion: 10.0, rotatable: false, setWindowRect: true, strictFileInteractability: false, timeouts: {implicit: 0, pageLoad: 300000, script: 30000}, unhandledPromptBehavior: dismiss and notify}
Session ID: 7788fcb2-062d-4ed2-b3d8-2638d53eaf25
*** Element info: {Using=xpath, value=//div[@class='makeFlex socialBtnContainer vrtlCenter']//div[@data-cy='googleLogin']}
at org.openqa.selenium.remote.http.W3CHttpResponseCodec.createException(W3CHttpResponseCodec.java:187)
at org.openqa.selenium.remote.http.W3CHttpResponseCodec.decode(W3CHttpResponseCodec.java:122)
at org.openqa.selenium.remote.http.W3CHttpResponseCodec.decode(W3CHttpResponseCodec.java:49)
at org.openqa.selenium.remote.HttpCommandExecutor.execute(HttpCommandExecutor.java:158)
at org.openqa.selenium.remote.service.DriverCommandExecutor.execute(DriverCommandExecutor.java:83)
at org.openqa.selenium.remote.RemoteWebDriver.execute(RemoteWebDriver.java:552)
at org.openqa.selenium.remote.RemoteWebDriver.findElement(RemoteWebDriver.java:323)
at org.openqa.selenium.remote.RemoteWebDriver.findElementByXPath(RemoteWebDriver.java:428)
at org.openqa.selenium.By$ByXPath.findElement(By.java:353)
at org.openqa.selenium.remote.RemoteWebDriver.findElement(RemoteWebDriver.java:315)
at com.atmecs.redbus.page.TravelSiteMethods.clickLinkText(TravelSiteMethods.java:48)
at com.atmecs.redbus.page.LoginPage.login(LoginPage.java:40)
at com.atmecs.redbus.testscript.LoginTest.login(LoginTest.java:19)
at java.base/java.util.ArrayList.forEach(ArrayList.java:1510)
... Removed 36 stack frames]]>
    </failure>
  </testcase> <!-- login -->
  <testcase classname="com.atmecs.redbus.testscript.LoginTest" name="login" time="0.0">
    <skipped/>
  </testcase> <!-- login -->
  <testcase classname="com.atmecs.redbus.testscript.LoginTest" name="login" time="0.0">
    <skipped/>
  </testcase> <!-- login -->
  <testcase classname="com.atmecs.redbus.testscript.LoginTest" name="login" time="0.0">
    <skipped/>
  </testcase> <!-- login -->
  <testcase classname="com.atmecs.redbus.testscript.LoginTest" name="login" time="0.0">
    <skipped/>
  </testcase> <!-- login -->
  <testcase classname="com.atmecs.redbus.testscript.TicketBookingTest" name="ticketBooking" time="2.045">
    <failure type="org.openqa.selenium.ElementClickInterceptedException" message="Element &amp;lt;li class=&amp;quot;menu_Buses&amp;quot;&amp;gt; is not clickable at point (731,126) because another element &amp;lt;div class=&amp;quot;loginModal displayBlock modalLogin dynHeight personal &amp;quot;&amp;gt; obscures it
Build info: version: &amp;apos;3.141.59&amp;apos;, revision: &amp;apos;e82be7d358&amp;apos;, time: &amp;apos;2018-11-14T08:17:03&amp;apos;
System info: host: &amp;apos;ATMECSINLT-601&amp;apos;, ip: &amp;apos;192.168.163.1&amp;apos;, os.name: &amp;apos;Windows 10&amp;apos;, os.arch: &amp;apos;amd64&amp;apos;, os.version: &amp;apos;10.0&amp;apos;, java.version: &amp;apos;14.0.1&amp;apos;
Driver info: org.openqa.selenium.firefox.FirefoxDriver
Capabilities {acceptInsecureCerts: true, browserName: firefox, browserVersion: 83.0, javascriptEnabled: true, moz:accessibilityChecks: false, moz:buildID: 20201112153044, moz:geckodriverVersion: 0.28.0, moz:headless: false, moz:processID: 12688, moz:profile: C:\Users\alfin.anthonyraj\A..., moz:shutdownTimeout: 60000, moz:useNonSpecCompliantPointerOrigin: false, moz:webdriverClick: true, pageLoadStrategy: normal, platform: WINDOWS, platformName: WINDOWS, platformVersion: 10.0, rotatable: false, setWindowRect: true, strictFileInteractability: false, timeouts: {implicit: 0, pageLoad: 300000, script: 30000}, unhandledPromptBehavior: dismiss and notify}
Session ID: be142b5a-ee59-462f-85e4-49bca093ef31">
      <![CDATA[org.openqa.selenium.ElementClickInterceptedException: Element <li class="menu_Buses"> is not clickable at point (731,126) because another element <div class="loginModal displayBlock modalLogin dynHeight personal "> obscures it
Build info: version: '3.141.59', revision: 'e82be7d358', time: '2018-11-14T08:17:03'
System info: host: 'ATMECSINLT-601', ip: '192.168.163.1', os.name: 'Windows 10', os.arch: 'amd64', os.version: '10.0', java.version: '14.0.1'
Driver info: org.openqa.selenium.firefox.FirefoxDriver
Capabilities {acceptInsecureCerts: true, browserName: firefox, browserVersion: 83.0, javascriptEnabled: true, moz:accessibilityChecks: false, moz:buildID: 20201112153044, moz:geckodriverVersion: 0.28.0, moz:headless: false, moz:processID: 12688, moz:profile: C:\Users\alfin.anthonyraj\A..., moz:shutdownTimeout: 60000, moz:useNonSpecCompliantPointerOrigin: false, moz:webdriverClick: true, pageLoadStrategy: normal, platform: WINDOWS, platformName: WINDOWS, platformVersion: 10.0, rotatable: false, setWindowRect: true, strictFileInteractability: false, timeouts: {implicit: 0, pageLoad: 300000, script: 30000}, unhandledPromptBehavior: dismiss and notify}
Session ID: be142b5a-ee59-462f-85e4-49bca093ef31
at org.openqa.selenium.remote.http.W3CHttpResponseCodec.createException(W3CHttpResponseCodec.java:187)
at org.openqa.selenium.remote.http.W3CHttpResponseCodec.decode(W3CHttpResponseCodec.java:122)
at org.openqa.selenium.remote.http.W3CHttpResponseCodec.decode(W3CHttpResponseCodec.java:49)
at org.openqa.selenium.remote.HttpCommandExecutor.execute(HttpCommandExecutor.java:158)
at org.openqa.selenium.remote.service.DriverCommandExecutor.execute(DriverCommandExecutor.java:83)
at org.openqa.selenium.remote.RemoteWebDriver.execute(RemoteWebDriver.java:552)
at org.openqa.selenium.remote.RemoteWebElement.execute(RemoteWebElement.java:285)
at org.openqa.selenium.remote.RemoteWebElement.click(RemoteWebElement.java:84)
at com.atmecs.redbus.page.TravelSiteMethods.clickLinkText(TravelSiteMethods.java:48)
at com.atmecs.redbus.page.TicketBookingPage.ticketBooking(TicketBookingPage.java:38)
at com.atmecs.redbus.testscript.TicketBookingTest.ticketBooking(TicketBookingTest.java:16)
at java.base/java.util.ArrayList.forEach(ArrayList.java:1510)
... Removed 36 stack frames]]>
    </failure>
  </testcase> <!-- ticketBooking -->
  <testcase classname="com.atmecs.redbus.testscript.TicketBookingTest" name="ticketBooking" time="4.433">
    <failure type="org.openqa.selenium.ElementNotInteractableException" message="Element &amp;lt;label class=&amp;quot;lbl_input makeFlex column latoBold&amp;quot;&amp;gt; is not reachable by keyboard
Build info: version: &amp;apos;3.141.59&amp;apos;, revision: &amp;apos;e82be7d358&amp;apos;, time: &amp;apos;2018-11-14T08:17:03&amp;apos;
System info: host: &amp;apos;ATMECSINLT-601&amp;apos;, ip: &amp;apos;192.168.163.1&amp;apos;, os.name: &amp;apos;Windows 10&amp;apos;, os.arch: &amp;apos;amd64&amp;apos;, os.version: &amp;apos;10.0&amp;apos;, java.version: &amp;apos;14.0.1&amp;apos;
Driver info: org.openqa.selenium.firefox.FirefoxDriver
Capabilities {acceptInsecureCerts: true, browserName: firefox, browserVersion: 83.0, javascriptEnabled: true, moz:accessibilityChecks: false, moz:buildID: 20201112153044, moz:geckodriverVersion: 0.28.0, moz:headless: false, moz:processID: 2340, moz:profile: C:\Users\alfin.anthonyraj\A..., moz:shutdownTimeout: 60000, moz:useNonSpecCompliantPointerOrigin: false, moz:webdriverClick: true, pageLoadStrategy: normal, platform: WINDOWS, platformName: WINDOWS, platformVersion: 10.0, rotatable: false, setWindowRect: true, strictFileInteractability: false, timeouts: {implicit: 0, pageLoad: 300000, script: 30000}, unhandledPromptBehavior: dismiss and notify}
Session ID: 80466156-4ecb-4258-aea2-0443c663a134">
      <![CDATA[org.openqa.selenium.ElementNotInteractableException: Element <label class="lbl_input makeFlex column latoBold"> is not reachable by keyboard
Build info: version: '3.141.59', revision: 'e82be7d358', time: '2018-11-14T08:17:03'
System info: host: 'ATMECSINLT-601', ip: '192.168.163.1', os.name: 'Windows 10', os.arch: 'amd64', os.version: '10.0', java.version: '14.0.1'
Driver info: org.openqa.selenium.firefox.FirefoxDriver
Capabilities {acceptInsecureCerts: true, browserName: firefox, browserVersion: 83.0, javascriptEnabled: true, moz:accessibilityChecks: false, moz:buildID: 20201112153044, moz:geckodriverVersion: 0.28.0, moz:headless: false, moz:processID: 2340, moz:profile: C:\Users\alfin.anthonyraj\A..., moz:shutdownTimeout: 60000, moz:useNonSpecCompliantPointerOrigin: false, moz:webdriverClick: true, pageLoadStrategy: normal, platform: WINDOWS, platformName: WINDOWS, platformVersion: 10.0, rotatable: false, setWindowRect: true, strictFileInteractability: false, timeouts: {implicit: 0, pageLoad: 300000, script: 30000}, unhandledPromptBehavior: dismiss and notify}
Session ID: 80466156-4ecb-4258-aea2-0443c663a134
at org.openqa.selenium.remote.http.W3CHttpResponseCodec.createException(W3CHttpResponseCodec.java:187)
at org.openqa.selenium.remote.http.W3CHttpResponseCodec.decode(W3CHttpResponseCodec.java:122)
at org.openqa.selenium.remote.http.W3CHttpResponseCodec.decode(W3CHttpResponseCodec.java:49)
at org.openqa.selenium.remote.HttpCommandExecutor.execute(HttpCommandExecutor.java:158)
at org.openqa.selenium.remote.service.DriverCommandExecutor.execute(DriverCommandExecutor.java:83)
at org.openqa.selenium.remote.RemoteWebDriver.execute(RemoteWebDriver.java:552)
at org.openqa.selenium.remote.RemoteWebElement.execute(RemoteWebElement.java:285)
at org.openqa.selenium.remote.RemoteWebElement.sendKeys(RemoteWebElement.java:106)
at com.atmecs.redbus.page.TravelSiteMethods.enterText(TravelSiteMethods.java:60)
at com.atmecs.redbus.page.TicketBookingPage.ticketBooking(TicketBookingPage.java:42)
at com.atmecs.redbus.testscript.TicketBookingTest.ticketBooking(TicketBookingTest.java:16)
at java.base/java.util.ArrayList.forEach(ArrayList.java:1510)
... Removed 36 stack frames]]>
    </failure>
  </testcase> <!-- ticketBooking -->
  <testcase classname="com.atmecs.redbus.testscript.TicketBookingTest" name="ticketBooking" time="2.036">
    <failure type="org.openqa.selenium.ElementClickInterceptedException" message="Element &amp;lt;li class=&amp;quot;menu_Buses&amp;quot;&amp;gt; is not clickable at point (731,126) because another element &amp;lt;div class=&amp;quot;loginModal displayBlock modalLogin dynHeight personal &amp;quot;&amp;gt; obscures it
Build info: version: &amp;apos;3.141.59&amp;apos;, revision: &amp;apos;e82be7d358&amp;apos;, time: &amp;apos;2018-11-14T08:17:03&amp;apos;
System info: host: &amp;apos;ATMECSINLT-601&amp;apos;, ip: &amp;apos;192.168.163.1&amp;apos;, os.name: &amp;apos;Windows 10&amp;apos;, os.arch: &amp;apos;amd64&amp;apos;, os.version: &amp;apos;10.0&amp;apos;, java.version: &amp;apos;14.0.1&amp;apos;
Driver info: org.openqa.selenium.firefox.FirefoxDriver
Capabilities {acceptInsecureCerts: true, browserName: firefox, browserVersion: 83.0, javascriptEnabled: true, moz:accessibilityChecks: false, moz:buildID: 20201112153044, moz:geckodriverVersion: 0.28.0, moz:headless: false, moz:processID: 8836, moz:profile: C:\Users\alfin.anthonyraj\A..., moz:shutdownTimeout: 60000, moz:useNonSpecCompliantPointerOrigin: false, moz:webdriverClick: true, pageLoadStrategy: normal, platform: WINDOWS, platformName: WINDOWS, platformVersion: 10.0, rotatable: false, setWindowRect: true, strictFileInteractability: false, timeouts: {implicit: 0, pageLoad: 300000, script: 30000}, unhandledPromptBehavior: dismiss and notify}
Session ID: 34c8d5b8-3f9b-4296-afab-4f8ca19a35cb">
      <![CDATA[org.openqa.selenium.ElementClickInterceptedException: Element <li class="menu_Buses"> is not clickable at point (731,126) because another element <div class="loginModal displayBlock modalLogin dynHeight personal "> obscures it
Build info: version: '3.141.59', revision: 'e82be7d358', time: '2018-11-14T08:17:03'
System info: host: 'ATMECSINLT-601', ip: '192.168.163.1', os.name: 'Windows 10', os.arch: 'amd64', os.version: '10.0', java.version: '14.0.1'
Driver info: org.openqa.selenium.firefox.FirefoxDriver
Capabilities {acceptInsecureCerts: true, browserName: firefox, browserVersion: 83.0, javascriptEnabled: true, moz:accessibilityChecks: false, moz:buildID: 20201112153044, moz:geckodriverVersion: 0.28.0, moz:headless: false, moz:processID: 8836, moz:profile: C:\Users\alfin.anthonyraj\A..., moz:shutdownTimeout: 60000, moz:useNonSpecCompliantPointerOrigin: false, moz:webdriverClick: true, pageLoadStrategy: normal, platform: WINDOWS, platformName: WINDOWS, platformVersion: 10.0, rotatable: false, setWindowRect: true, strictFileInteractability: false, timeouts: {implicit: 0, pageLoad: 300000, script: 30000}, unhandledPromptBehavior: dismiss and notify}
Session ID: 34c8d5b8-3f9b-4296-afab-4f8ca19a35cb
at org.openqa.selenium.remote.http.W3CHttpResponseCodec.createException(W3CHttpResponseCodec.java:187)
at org.openqa.selenium.remote.http.W3CHttpResponseCodec.decode(W3CHttpResponseCodec.java:122)
at org.openqa.selenium.remote.http.W3CHttpResponseCodec.decode(W3CHttpResponseCodec.java:49)
at org.openqa.selenium.remote.HttpCommandExecutor.execute(HttpCommandExecutor.java:158)
at org.openqa.selenium.remote.service.DriverCommandExecutor.execute(DriverCommandExecutor.java:83)
at org.openqa.selenium.remote.RemoteWebDriver.execute(RemoteWebDriver.java:552)
at org.openqa.selenium.remote.RemoteWebElement.execute(RemoteWebElement.java:285)
at org.openqa.selenium.remote.RemoteWebElement.click(RemoteWebElement.java:84)
at com.atmecs.redbus.page.TravelSiteMethods.clickLinkText(TravelSiteMethods.java:48)
at com.atmecs.redbus.page.TicketBookingPage.ticketBooking(TicketBookingPage.java:38)
at com.atmecs.redbus.testscript.TicketBookingTest.ticketBooking(TicketBookingTest.java:16)
at java.base/java.util.ArrayList.forEach(ArrayList.java:1510)
... Removed 36 stack frames]]>
    </failure>
  </testcase> <!-- ticketBooking -->
  <testcase classname="com.atmecs.redbus.testscript.TicketBookingTest" name="ticketBooking" time="2.055">
    <failure type="org.openqa.selenium.ElementClickInterceptedException" message="Element &amp;lt;li class=&amp;quot;menu_Buses&amp;quot;&amp;gt; is not clickable at point (731,126) because another element &amp;lt;div class=&amp;quot;loginModal displayBlock modalLogin dynHeight personal &amp;quot;&amp;gt; obscures it
Build info: version: &amp;apos;3.141.59&amp;apos;, revision: &amp;apos;e82be7d358&amp;apos;, time: &amp;apos;2018-11-14T08:17:03&amp;apos;
System info: host: &amp;apos;ATMECSINLT-601&amp;apos;, ip: &amp;apos;192.168.163.1&amp;apos;, os.name: &amp;apos;Windows 10&amp;apos;, os.arch: &amp;apos;amd64&amp;apos;, os.version: &amp;apos;10.0&amp;apos;, java.version: &amp;apos;14.0.1&amp;apos;
Driver info: org.openqa.selenium.firefox.FirefoxDriver
Capabilities {acceptInsecureCerts: true, browserName: firefox, browserVersion: 83.0, javascriptEnabled: true, moz:accessibilityChecks: false, moz:buildID: 20201112153044, moz:geckodriverVersion: 0.28.0, moz:headless: false, moz:processID: 16404, moz:profile: C:\Users\alfin.anthonyraj\A..., moz:shutdownTimeout: 60000, moz:useNonSpecCompliantPointerOrigin: false, moz:webdriverClick: true, pageLoadStrategy: normal, platform: WINDOWS, platformName: WINDOWS, platformVersion: 10.0, rotatable: false, setWindowRect: true, strictFileInteractability: false, timeouts: {implicit: 0, pageLoad: 300000, script: 30000}, unhandledPromptBehavior: dismiss and notify}
Session ID: 32739664-ebab-4f7f-a636-d36efe0aea3d">
      <![CDATA[org.openqa.selenium.ElementClickInterceptedException: Element <li class="menu_Buses"> is not clickable at point (731,126) because another element <div class="loginModal displayBlock modalLogin dynHeight personal "> obscures it
Build info: version: '3.141.59', revision: 'e82be7d358', time: '2018-11-14T08:17:03'
System info: host: 'ATMECSINLT-601', ip: '192.168.163.1', os.name: 'Windows 10', os.arch: 'amd64', os.version: '10.0', java.version: '14.0.1'
Driver info: org.openqa.selenium.firefox.FirefoxDriver
Capabilities {acceptInsecureCerts: true, browserName: firefox, browserVersion: 83.0, javascriptEnabled: true, moz:accessibilityChecks: false, moz:buildID: 20201112153044, moz:geckodriverVersion: 0.28.0, moz:headless: false, moz:processID: 16404, moz:profile: C:\Users\alfin.anthonyraj\A..., moz:shutdownTimeout: 60000, moz:useNonSpecCompliantPointerOrigin: false, moz:webdriverClick: true, pageLoadStrategy: normal, platform: WINDOWS, platformName: WINDOWS, platformVersion: 10.0, rotatable: false, setWindowRect: true, strictFileInteractability: false, timeouts: {implicit: 0, pageLoad: 300000, script: 30000}, unhandledPromptBehavior: dismiss and notify}
Session ID: 32739664-ebab-4f7f-a636-d36efe0aea3d
at org.openqa.selenium.remote.http.W3CHttpResponseCodec.createException(W3CHttpResponseCodec.java:187)
at org.openqa.selenium.remote.http.W3CHttpResponseCodec.decode(W3CHttpResponseCodec.java:122)
at org.openqa.selenium.remote.http.W3CHttpResponseCodec.decode(W3CHttpResponseCodec.java:49)
at org.openqa.selenium.remote.HttpCommandExecutor.execute(HttpCommandExecutor.java:158)
at org.openqa.selenium.remote.service.DriverCommandExecutor.execute(DriverCommandExecutor.java:83)
at org.openqa.selenium.remote.RemoteWebDriver.execute(RemoteWebDriver.java:552)
at org.openqa.selenium.remote.RemoteWebElement.execute(RemoteWebElement.java:285)
at org.openqa.selenium.remote.RemoteWebElement.click(RemoteWebElement.java:84)
at com.atmecs.redbus.page.TravelSiteMethods.clickLinkText(TravelSiteMethods.java:48)
at com.atmecs.redbus.page.TicketBookingPage.ticketBooking(TicketBookingPage.java:38)
at com.atmecs.redbus.testscript.TicketBookingTest.ticketBooking(TicketBookingTest.java:16)
at java.base/java.util.ArrayList.forEach(ArrayList.java:1510)
... Removed 36 stack frames]]>
    </failure>
  </testcase> <!-- ticketBooking -->
  <testcase classname="com.atmecs.redbus.testscript.TicketBookingTest" name="ticketBooking" time="2.048">
    <failure type="org.openqa.selenium.ElementClickInterceptedException" message="Element &amp;lt;li class=&amp;quot;menu_Buses&amp;quot;&amp;gt; is not clickable at point (731,126) because another element &amp;lt;div class=&amp;quot;loginModal displayBlock modalLogin dynHeight personal &amp;quot;&amp;gt; obscures it
Build info: version: &amp;apos;3.141.59&amp;apos;, revision: &amp;apos;e82be7d358&amp;apos;, time: &amp;apos;2018-11-14T08:17:03&amp;apos;
System info: host: &amp;apos;ATMECSINLT-601&amp;apos;, ip: &amp;apos;192.168.163.1&amp;apos;, os.name: &amp;apos;Windows 10&amp;apos;, os.arch: &amp;apos;amd64&amp;apos;, os.version: &amp;apos;10.0&amp;apos;, java.version: &amp;apos;14.0.1&amp;apos;
Driver info: org.openqa.selenium.firefox.FirefoxDriver
Capabilities {acceptInsecureCerts: true, browserName: firefox, browserVersion: 83.0, javascriptEnabled: true, moz:accessibilityChecks: false, moz:buildID: 20201112153044, moz:geckodriverVersion: 0.28.0, moz:headless: false, moz:processID: 16080, moz:profile: C:\Users\alfin.anthonyraj\A..., moz:shutdownTimeout: 60000, moz:useNonSpecCompliantPointerOrigin: false, moz:webdriverClick: true, pageLoadStrategy: normal, platform: WINDOWS, platformName: WINDOWS, platformVersion: 10.0, rotatable: false, setWindowRect: true, strictFileInteractability: false, timeouts: {implicit: 0, pageLoad: 300000, script: 30000}, unhandledPromptBehavior: dismiss and notify}
Session ID: d15d3e0e-08ef-4423-9819-bab980067b16">
      <![CDATA[org.openqa.selenium.ElementClickInterceptedException: Element <li class="menu_Buses"> is not clickable at point (731,126) because another element <div class="loginModal displayBlock modalLogin dynHeight personal "> obscures it
Build info: version: '3.141.59', revision: 'e82be7d358', time: '2018-11-14T08:17:03'
System info: host: 'ATMECSINLT-601', ip: '192.168.163.1', os.name: 'Windows 10', os.arch: 'amd64', os.version: '10.0', java.version: '14.0.1'
Driver info: org.openqa.selenium.firefox.FirefoxDriver
Capabilities {acceptInsecureCerts: true, browserName: firefox, browserVersion: 83.0, javascriptEnabled: true, moz:accessibilityChecks: false, moz:buildID: 20201112153044, moz:geckodriverVersion: 0.28.0, moz:headless: false, moz:processID: 16080, moz:profile: C:\Users\alfin.anthonyraj\A..., moz:shutdownTimeout: 60000, moz:useNonSpecCompliantPointerOrigin: false, moz:webdriverClick: true, pageLoadStrategy: normal, platform: WINDOWS, platformName: WINDOWS, platformVersion: 10.0, rotatable: false, setWindowRect: true, strictFileInteractability: false, timeouts: {implicit: 0, pageLoad: 300000, script: 30000}, unhandledPromptBehavior: dismiss and notify}
Session ID: d15d3e0e-08ef-4423-9819-bab980067b16
at org.openqa.selenium.remote.http.W3CHttpResponseCodec.createException(W3CHttpResponseCodec.java:187)
at org.openqa.selenium.remote.http.W3CHttpResponseCodec.decode(W3CHttpResponseCodec.java:122)
at org.openqa.selenium.remote.http.W3CHttpResponseCodec.decode(W3CHttpResponseCodec.java:49)
at org.openqa.selenium.remote.HttpCommandExecutor.execute(HttpCommandExecutor.java:158)
at org.openqa.selenium.remote.service.DriverCommandExecutor.execute(DriverCommandExecutor.java:83)
at org.openqa.selenium.remote.RemoteWebDriver.execute(RemoteWebDriver.java:552)
at org.openqa.selenium.remote.RemoteWebElement.execute(RemoteWebElement.java:285)
at org.openqa.selenium.remote.RemoteWebElement.click(RemoteWebElement.java:84)
at com.atmecs.redbus.page.TravelSiteMethods.clickLinkText(TravelSiteMethods.java:48)
at com.atmecs.redbus.page.TicketBookingPage.ticketBooking(TicketBookingPage.java:38)
at com.atmecs.redbus.testscript.TicketBookingTest.ticketBooking(TicketBookingTest.java:16)
at java.base/java.util.ArrayList.forEach(ArrayList.java:1510)
... Removed 36 stack frames]]>
    </failure>
  </testcase> <!-- ticketBooking -->
</testsuite> <!-- FirefoxTest -->
